<?xml version="1.0" encoding="UTF-8"?>
<!-- Generated by org.testng.reporters.JUnitXMLReporter -->
<testsuite ignored="0" hostname="DESKTOP-LHELV1T" failures="0" tests="1" name="Default test" time="0.271" errors="0" timestamp="22 Nov 2021 00:06:01 GMT">
  <testcase classname="Base.BaseTest" name="@BeforeMethod Initialization" time="0.0">
    <failure type="org.testng.TestNGException" message="
Parameter &amp;apos;Browsername&amp;apos; is required by BeforeMethod on method Initialization but has not been marked @Optional or defined
in C:\Users\rujul\AppData\Local\Temp\testng-eclipse--1253405941\testng-customsuite.xml">
      <![CDATA[org.testng.TestNGException: 
Parameter 'Browsername' is required by BeforeMethod on method Initialization but has not been marked @Optional or defined
in C:\Users\rujul\AppData\Local\Temp\testng-eclipse--1253405941\testng-customsuite.xml
	at org.testng.internal.Parameters.createParameters(Parameters.java:199)
	at org.testng.internal.Parameters.createParameters(Parameters.java:443)
	at org.testng.internal.Parameters.createConfigurationParameters(Parameters.java:118)
	at org.testng.internal.Invoker.invokeConfigurations(Invoker.java:203)
	at org.testng.internal.Invoker.invokeMethod(Invoker.java:590)
	at org.testng.internal.Invoker.invokeTestMethod(Invoker.java:851)
	at org.testng.internal.Invoker.invokeTestMethods(Invoker.java:1177)
	at org.testng.internal.TestMethodWorker.invokeTestMethods(TestMethodWorker.java:129)
	at org.testng.internal.TestMethodWorker.run(TestMethodWorker.java:112)
	at org.testng.TestRunner.privateRun(TestRunner.java:756)
	at org.testng.TestRunner.run(TestRunner.java:610)
	at org.testng.SuiteRunner.runTest(SuiteRunner.java:387)
	at org.testng.SuiteRunner.runSequentially(SuiteRunner.java:382)
	at org.testng.SuiteRunner.privateRun(SuiteRunner.java:340)
	at org.testng.SuiteRunner.run(SuiteRunner.java:289)
	at org.testng.SuiteRunnerWorker.runSuite(SuiteRunnerWorker.java:52)
	at org.testng.SuiteRunnerWorker.run(SuiteRunnerWorker.java:86)
	at org.testng.TestNG.runSuitesSequentially(TestNG.java:1293)
	at org.testng.TestNG.runSuitesLocally(TestNG.java:1218)
	at org.testng.TestNG.runSuites(TestNG.java:1133)
	at org.testng.TestNG.run(TestNG.java:1104)
	at org.testng.remote.AbstractRemoteTestNG.run(AbstractRemoteTestNG.java:115)
	at org.testng.remote.RemoteTestNG.initAndRun(RemoteTestNG.java:251)
	at org.testng.remote.RemoteTestNG.main(RemoteTestNG.java:77)
]]>
    </failure>
  </testcase> <!-- @BeforeMethod Initialization -->
  <testcase classname="Base.BaseTest" name="@AfterMethod closure" time="0.0">
    <skipped/>
  </testcase> <!-- @AfterMethod closure -->
  <testcase classname="Base.BaseTest" name="@AfterTest tearDown" time="0.0">
    <skipped/>
  </testcase> <!-- @AfterTest tearDown -->
  <testcase classname="TestCases.AfterLogin" name="tc05DropDown" time="0.002">
    <skipped/>
  </testcase> <!-- tc05DropDown -->
</testsuite> <!-- Default test -->
